#####S####
#:X::X::X#
#:X::X::X#
#:X::X::X#
#:X::X::X#
#:X::X::X#
#:X::X::X#
#:X::X::X#
#:X::X::X#
#:X::X::X#
#:X::X::X#
#XXXXXXXX#
#::::::::#
##########

#####S#
#::::X#
#XXXXX#
#:::::#
#######

######S#
#:X::XX#
#:X::X:#
#:X::X:#
#:X::X:#
#:X::X:#
#:X::X:#
#:X::X:#
#:X::X:#
#XXXXXX#
#::::::#
########

#S############
#X:::::::::::#
#XXXXXXXXXXXX#
#X:::::::::::#
#X:::::::::::#
#XXXXXXXXXXXX#
#X:::::::::::#
#::::::::::::#
##############

####S#
#:X:X#
#:X::#
#:X::#
#:X::#
#XXXX#
#::::#
######

#S#######
#XX::X::#
#:X::X::#
#:X::X::#
#:X::X::#
#:X::X::#
#:X::X::#
#:X::X::#
#:X::X::#
#:X::X::#
#:X::X::#
#XXXXXXX#
#:::::::#
#########

#######S#####
#::::::X::::#
#XXXXXXXXXXX#
#:::::::::::#
#############

#######S##
#:X::X:XX#
#:X::X::X#
#:X::X::X#
#:X::X::X#
#:X::X::X#
#:X::X::X#
#:X::X::X#
#:X::X::X#
#:X::X::X#
#:X::X::X#
#XXXXXXXX#
#::::::::#
##########

####S###########
#:::X::::::::::#
#XXXXXXXXXXXXXX#
#:::X::::::::::#
#:::X::::::::::#
#XXXXXXXXXXXXXX#
#::::::::::::::#
################

######S#
#:::::X#
#XXXXXX#
#::::::#
########

##S#####
#:X::X:#
#:X::X:#
#:X::X:#
#:X::X:#
#:X::X:#
#:X::X:#
#:X::X:#
#:X::X:#
#:X::X:#
#:X::X:#
#XXXXXX#
#::::::#
########

#S###########
#XX::X::X::X#
#:X::X::X::X#
#:X::X::X::X#
#:X::X::X::X#
#:X::X::X::X#
#:X::X::X::X#
#:X::X::X::X#
#:X::X::X::X#
#:X::X::X::X#
#:X::X::X::X#
#XXXXXXXXXXX#
#:::::::::::#
#############

#####S#########
#::::X::::::::#
#XXXXXXXXXXXXX#
#::::X::::::::#
#::::X::::::::#
#XXXXXXXXXXXXX#
#:::::::::::::#
###############

###S#
#:XX#
#:X:#
#:X:#
#:X:#
#:X:#
#XXX#
#:::#
#####

######S#######
#:::::X::::::#
#XXXXXXXXXXXX#
#:::::X::::::#
#:::::X::::::#
#XXXXXXXXXXXX#
#:::::X::::::#
#:::::X::::::#
#::::::::::::#
##############

########S#####
#:::::::X::::#
#XXXXXXXXXXXX#
#:::::::X::::#
#::::::::::::#
##############

######S####
#:::::X:::#
#XXXXXXXXX#
#:::::X:::#
#:::::X:::#
#XXXXXXXXX#
#:::::::::#
###########

#####S########
#:X::X::X::X:#
#:X::X::X::X:#
#:X::X::X::X:#
#:X::X::X::X:#
#:X::X::X::X:#
#:X::X::X::X:#
#:X::X::X::X:#
#:X::X::X::X:#
#:X::X::X::X:#
#:X::X::X::X:#
#:X::X::X::X:#
#:X::X::X::X:#
#XXXXXXXXXXXX#
#::::::::::::#
##############

##S##
#:X:#
#:X:#
#:X:#
#:X:#
#:X:#
#XXX#
#:::#
#####

#######S#
#::::::X#
#XXXXXXX#
#::::::X#
#::::::X#
#XXXXXXX#
#:::::::#
#########

