############S##
#:::::::::::X:#
#XXXXXXXXXXXXX#
#:::::::::::::#
###############

#S###
#XX:#
#:X:#
#:X:#
#:X:#
#:X:#
#:X:#
#:X:#
#:X:#
#####

#S###
#XX:#
#:X:#
#:X:#
#:X:#
#:X:#
#:X:#
#:X:#
#:X:#
#:X:#
#####

##S##
#:X:#
#:X:#
#:X:#
#:X:#
#:X:#
#:X:#
#:X:#
#:X:#
#:X:#
#:X:#
#####

#S###
#XX:#
#:X:#
#:X:#
#:X:#
#####

#####S#
#::::X#
#XXXXX#
#:::::#
#######

###########S####
#::::::::::X:::#
#XXXXXXXXXXXXXX#
#::::::::::::::#
################

######S######
#:::::X:::::#
#XXXXXXXXXXX#
#:::::::::::#
#############

#S#####
#X::::#
#XXXXX#
#:::::#
#######

###S#
#:XX#
#:X:#
#:X:#
#:X:#
#:X:#
#:X:#
#:X:#
#:X:#
#:X:#
#:X:#
#:X:#
#####

#########S#
#::::::::X#
#XXXXXXXXX#
#:::::::::#
###########

###S#
#:XX#
#:X:#
#:X:#
#####

#S###
#XX:#
#:X:#
#:X:#
#####

###S#
#:XX#
#:X:#
#:X:#
#:X:#
#:X:#
#:X:#
#:X:#
#:X:#
#:X:#
#:X:#
#####

#S###
#XX:#
#:X:#
#:X:#
#:X:#
#:X:#
#:X:#
#:X:#
#:X:#
#:X:#
#:X:#
#:X:#
#:X:#
#:X:#
#####

##S##
#:X:#
#:X:#
#:X:#
#####

#S###
#XX:#
#:X:#
#:X:#
#:X:#
#:X:#
#:X:#
#:X:#
#####

#####S######
#::::X:::::#
#XXXXXXXXXX#
#::::::::::#
############

##S##
#:X:#
#:X:#
#:X:#
#:X:#
#####

####S######
#:::X:::::#
#XXXXXXXXX#
#:::::::::#
###########

